<?xml version="1.0" encoding="UTF-8"?>
<!-- Generated by org.testng.reporters.JUnitReportReporter -->
<testsuite hostname="MSI" failures="0" tests="5" name="com.testscript.Logintest" time="4.637" errors="0" timestamp="2026-02-09T22:05:02 IST" skipped="0">
  <testcase classname="com.testscript.Logintest" name="validLoginTest" time="0.400"/>
  <testcase classname="com.testscript.Logintest" name="invalidLoginTest" time="1.195"/>
  <testcase classname="com.testscript.Logintest" name="emptyLoginTest" time="0.868"/>
  <testcase classname="com.testscript.Logintest" name="emptyUsernameTest" time="1.864"/>
  <testcase classname="com.testscript.Logintest" name="emptypassowordTest" time="0.310"/>
</testsuite> <!-- com.testscript.Logintest -->
