<?xml version="1.0" encoding="UTF-8"?>
<!-- Generated by org.testng.reporters.JUnitReportReporter -->
<testsuite hostname="MSI" failures="0" tests="5" name="com.testscript.Logintest" time="5.409" errors="0" timestamp="2026-02-01T13:32:23 IST" skipped="0">
  <testcase classname="com.testscript.Logintest" name="validLoginTest" time="0.631"/>
  <testcase classname="com.testscript.Logintest" name="invalidLoginTest" time="1.576"/>
  <testcase classname="com.testscript.Logintest" name="emptyLoginTest" time="0.837"/>
  <testcase classname="com.testscript.Logintest" name="emptyUsernameTest" time="0.976"/>
  <testcase classname="com.testscript.Logintest" name="emptypassowordTest" time="1.389"/>
</testsuite> <!-- com.testscript.Logintest -->
