<?xml version="1.0" encoding="UTF-8"?>
<!-- Generated by org.testng.reporters.JUnitReportReporter -->
<testsuite hostname="MSI" failures="0" tests="3" name="com.testscript.ProductsTest" time="1.985" errors="0" timestamp="2026-02-01T17:19:19 IST" skipped="0">
  <testcase classname="com.testscript.ProductsTest" name="addtoCartTest" time="0.653"/>
  <testcase classname="com.testscript.ProductsTest" name="addtoCartTest1" time="0.525"/>
  <testcase classname="com.testscript.ProductsTest" name="clickCartIconnTest" time="0.807"/>
</testsuite> <!-- com.testscript.ProductsTest -->
