<?xml version="1.0" encoding="UTF-8"?>
<!-- Generated by org.testng.reporters.JUnitReportReporter -->
<testsuite hostname="MSI" failures="0" tests="7" name="com.testscript.OverviewTest" time="4.828" errors="0" timestamp="2026-02-09T22:39:00 IST" skipped="0">
  <testcase classname="com.testscript.OverviewTest" name="clickonFinishBtn" time="0.405"/>
  <testcase classname="com.testscript.OverviewTest" name="addProductstocart" time="0.914"/>
  <testcase classname="com.testscript.OverviewTest" name="clickToCarticonandcheckout" time="1.660"/>
  <testcase classname="com.testscript.OverviewTest" name="customerInfo" time="0.841"/>
  <testcase classname="com.testscript.OverviewTest" name="finish" time="0.060"/>
  <testcase classname="com.testscript.OverviewTest" name="clickOnBackbtn" time="0.320"/>
  <testcase classname="com.testscript.OverviewTest" name="clickOnLogoutButton" time="0.628"/>
</testsuite> <!-- com.testscript.OverviewTest -->
