<?xml version="1.0" encoding="UTF-8"?>
<!-- Generated by org.testng.reporters.JUnitReportReporter -->
<testsuite hostname="MSI" failures="0" tests="4" name="com.testscript.ProductsTest" time="3.538" errors="0" timestamp="2026-02-02T12:41:19 IST" skipped="0">
  <testcase classname="com.testscript.ProductsTest" name="addtoCartTest" time="0.799"/>
  <testcase classname="com.testscript.ProductsTest" name="addtoCartTest1" time="0.851"/>
  <testcase classname="com.testscript.ProductsTest" name="clickCartIconnTest" time="0.657"/>
  <testcase classname="com.testscript.ProductsTest" name="clickCheckoutbtn" time="1.231"/>
</testsuite> <!-- com.testscript.ProductsTest -->
