<?xml version="1.0" encoding="UTF-8"?>
<!-- Generated by org.testng.reporters.JUnitXMLReporter -->
<testsuite ignored="0" hostname="MSI" failures="0" tests="3" name="Default test" time="5.32" errors="0" timestamp="2026-02-01T17:19:19 IST">
  <testcase classname="com.testscript.ProductsTest" name="addtoCartTest" time="0.641"/>
  <testcase classname="com.testscript.ProductsTest" name="addtoCartTest1" time="0.519"/>
  <testcase classname="com.testscript.ProductsTest" name="clickCartIconnTest" time="0.802"/>
</testsuite> <!-- Default test -->
