<?xml version="1.0" encoding="UTF-8"?>
<!-- Generated by org.testng.reporters.JUnitXMLReporter -->
<testsuite ignored="0" hostname="MSI" failures="0" tests="7" name="Default test" time="7.833" errors="0" timestamp="2026-02-09T22:38:59 IST">
  <testcase classname="com.testscript.OverviewTest" name="clickonFinishBtn" time="0.405"/>
  <testcase classname="com.testscript.OverviewTest" name="addProductstocart" time="0.914"/>
  <testcase classname="com.testscript.OverviewTest" name="clickToCarticonandcheckout" time="1.657"/>
  <testcase classname="com.testscript.OverviewTest" name="customerInfo" time="0.838"/>
  <testcase classname="com.testscript.OverviewTest" name="finish" time="0.056"/>
  <testcase classname="com.testscript.OverviewTest" name="clickOnBackbtn" time="0.313"/>
  <testcase classname="com.testscript.OverviewTest" name="clickOnLogoutButton" time="0.628"/>
</testsuite> <!-- Default test -->
