<?xml version="1.0" encoding="UTF-8"?>
<testng-results ignored="0" total="7" passed="7" failed="0" skipped="0">
  <reporter-output>
  </reporter-output>
  <suite started-at="2026-02-09T22:38:51 IST" name="Default suite" finished-at="2026-02-09T22:38:59 IST" duration-ms="7833">
    <groups>
    </groups>
    <test started-at="2026-02-09T22:38:51 IST" name="Default test" finished-at="2026-02-09T22:38:59 IST" duration-ms="7833">
      <class name="com.testscript.OverviewTest">
        <test-method is-config="true" signature="setReport()[pri:0, instance:com.testscript.OverviewTest@5e5d171f]" started-at="2026-02-09T22:38:51 IST" name="setReport" finished-at="2026-02-09T22:38:51 IST" duration-ms="250" status="PASS">
          <reporter-output>
          </reporter-output>
        </test-method> <!-- setReport -->
        <test-method is-config="true" signature="setup()[pri:0, instance:com.testscript.OverviewTest@5e5d171f]" started-at="2026-02-09T22:38:51 IST" name="setup" finished-at="2026-02-09T22:38:54 IST" duration-ms="2828" status="PASS">
          <reporter-output>
          </reporter-output>
        </test-method> <!-- setup -->
        <test-method is-config="true" signature="init()[pri:0, instance:com.testscript.OverviewTest@5e5d171f]" started-at="2026-02-09T22:38:54 IST" name="init" finished-at="2026-02-09T22:38:54 IST" duration-ms="7" status="PASS">
          <reporter-output>
          </reporter-output>
        </test-method> <!-- init -->
        <test-method signature="clickonFinishBtn()[pri:1, instance:com.testscript.OverviewTest@5e5d171f]" started-at="2026-02-09T22:38:54 IST" name="clickonFinishBtn" finished-at="2026-02-09T22:38:55 IST" duration-ms="405" status="PASS">
          <reporter-output>
          </reporter-output>
        </test-method> <!-- clickonFinishBtn -->
        <test-method signature="addProductstocart()[pri:2, instance:com.testscript.OverviewTest@5e5d171f]" started-at="2026-02-09T22:38:55 IST" name="addProductstocart" finished-at="2026-02-09T22:38:55 IST" duration-ms="914" status="PASS">
          <reporter-output>
          </reporter-output>
        </test-method> <!-- addProductstocart -->
        <test-method is-config="true" signature="init()[pri:0, instance:com.testscript.OverviewTest@5e5d171f]" started-at="2026-02-09T22:38:55 IST" name="init" finished-at="2026-02-09T22:38:55 IST" duration-ms="0" status="PASS">
          <reporter-output>
          </reporter-output>
        </test-method> <!-- init -->
        <test-method is-config="true" signature="init()[pri:0, instance:com.testscript.OverviewTest@5e5d171f]" started-at="2026-02-09T22:38:55 IST" name="init" finished-at="2026-02-09T22:38:55 IST" duration-ms="3" status="PASS">
          <reporter-output>
          </reporter-output>
        </test-method> <!-- init -->
        <test-method signature="clickToCarticonandcheckout()[pri:3, instance:com.testscript.OverviewTest@5e5d171f]" started-at="2026-02-09T22:38:55 IST" name="clickToCarticonandcheckout" finished-at="2026-02-09T22:38:57 IST" duration-ms="1657" status="PASS">
          <reporter-output>
          </reporter-output>
        </test-method> <!-- clickToCarticonandcheckout -->
        <test-method is-config="true" signature="init()[pri:0, instance:com.testscript.OverviewTest@5e5d171f]" started-at="2026-02-09T22:38:57 IST" name="init" finished-at="2026-02-09T22:38:57 IST" duration-ms="4" status="PASS">
          <reporter-output>
          </reporter-output>
        </test-method> <!-- init -->
        <test-method signature="customerInfo()[pri:4, instance:com.testscript.OverviewTest@5e5d171f]" started-at="2026-02-09T22:38:57 IST" name="customerInfo" finished-at="2026-02-09T22:38:58 IST" duration-ms="838" status="PASS">
          <reporter-output>
          </reporter-output>
        </test-method> <!-- customerInfo -->
        <test-method is-config="true" signature="init()[pri:0, instance:com.testscript.OverviewTest@5e5d171f]" started-at="2026-02-09T22:38:58 IST" name="init" finished-at="2026-02-09T22:38:58 IST" duration-ms="0" status="PASS">
          <reporter-output>
          </reporter-output>
        </test-method> <!-- init -->
        <test-method signature="finish()[pri:5, instance:com.testscript.OverviewTest@5e5d171f]" started-at="2026-02-09T22:38:58 IST" name="finish" finished-at="2026-02-09T22:38:58 IST" duration-ms="56" status="PASS">
          <reporter-output>
          </reporter-output>
        </test-method> <!-- finish -->
        <test-method signature="clickOnBackbtn()[pri:6, instance:com.testscript.OverviewTest@5e5d171f]" started-at="2026-02-09T22:38:58 IST" name="clickOnBackbtn" finished-at="2026-02-09T22:38:58 IST" duration-ms="313" status="PASS">
          <reporter-output>
          </reporter-output>
        </test-method> <!-- clickOnBackbtn -->
        <test-method is-config="true" signature="init()[pri:0, instance:com.testscript.OverviewTest@5e5d171f]" started-at="2026-02-09T22:38:58 IST" name="init" finished-at="2026-02-09T22:38:58 IST" duration-ms="0" status="PASS">
          <reporter-output>
          </reporter-output>
        </test-method> <!-- init -->
        <test-method is-config="true" signature="init()[pri:0, instance:com.testscript.OverviewTest@5e5d171f]" started-at="2026-02-09T22:38:58 IST" name="init" finished-at="2026-02-09T22:38:58 IST" duration-ms="3" status="PASS">
          <reporter-output>
          </reporter-output>
        </test-method> <!-- init -->
        <test-method signature="clickOnLogoutButton()[pri:7, instance:com.testscript.OverviewTest@5e5d171f]" started-at="2026-02-09T22:38:58 IST" name="clickOnLogoutButton" finished-at="2026-02-09T22:38:59 IST" duration-ms="628" status="PASS">
          <reporter-output>
          </reporter-output>
        </test-method> <!-- clickOnLogoutButton -->
        <test-method is-config="true" signature="teardown()[pri:0, instance:com.testscript.OverviewTest@5e5d171f]" started-at="2026-02-09T22:38:59 IST" name="teardown" finished-at="2026-02-09T22:38:59 IST" duration-ms="3" status="PASS">
          <reporter-output>
          </reporter-output>
        </test-method> <!-- teardown -->
        <test-method is-config="true" signature="tearDownReport()[pri:0, instance:com.testscript.OverviewTest@5e5d171f]" started-at="2026-02-09T22:38:59 IST" name="tearDownReport" finished-at="2026-02-09T22:39:00 IST" duration-ms="1042" status="PASS">
          <reporter-output>
          </reporter-output>
        </test-method> <!-- tearDownReport -->
      </class> <!-- com.testscript.OverviewTest -->
    </test> <!-- Default test -->
  </suite> <!-- Default suite -->
</testng-results>
