<?xml version="1.0" encoding="UTF-8"?>
<testng-results ignored="0" total="3" passed="3" failed="0" skipped="0">
  <reporter-output>
  </reporter-output>
  <suite started-at="2026-02-01T17:19:14 IST" name="Default suite" finished-at="2026-02-01T17:19:19 IST" duration-ms="5320">
    <groups>
    </groups>
    <test started-at="2026-02-01T17:19:14 IST" name="Default test" finished-at="2026-02-01T17:19:19 IST" duration-ms="5320">
      <class name="com.testscript.ProductsTest">
        <test-method is-config="true" signature="setup()[pri:0, instance:com.testscript.ProductsTest@279fedbd]" started-at="2026-02-01T17:19:14 IST" name="setup" finished-at="2026-02-01T17:19:17 IST" duration-ms="3196" status="PASS">
          <reporter-output>
          </reporter-output>
        </test-method> <!-- setup -->
        <test-method is-config="true" signature="init()[pri:0, instance:com.testscript.ProductsTest@279fedbd]" started-at="2026-02-01T17:19:17 IST" name="init" finished-at="2026-02-01T17:19:17 IST" duration-ms="5" status="PASS">
          <reporter-output>
          </reporter-output>
        </test-method> <!-- init -->
        <test-method signature="addtoCartTest()[pri:1, instance:com.testscript.ProductsTest@279fedbd]" started-at="2026-02-01T17:19:17 IST" name="addtoCartTest" finished-at="2026-02-01T17:19:18 IST" duration-ms="641" status="PASS">
          <reporter-output>
          </reporter-output>
        </test-method> <!-- addtoCartTest -->
        <test-method is-config="true" signature="init()[pri:0, instance:com.testscript.ProductsTest@279fedbd]" started-at="2026-02-01T17:19:18 IST" name="init" finished-at="2026-02-01T17:19:18 IST" duration-ms="6" status="PASS">
          <reporter-output>
          </reporter-output>
        </test-method> <!-- init -->
        <test-method signature="addtoCartTest1()[pri:2, instance:com.testscript.ProductsTest@279fedbd]" started-at="2026-02-01T17:19:18 IST" name="addtoCartTest1" finished-at="2026-02-01T17:19:18 IST" duration-ms="519" status="PASS">
          <reporter-output>
          </reporter-output>
        </test-method> <!-- addtoCartTest1 -->
        <test-method is-config="true" signature="init()[pri:0, instance:com.testscript.ProductsTest@279fedbd]" started-at="2026-02-01T17:19:18 IST" name="init" finished-at="2026-02-01T17:19:18 IST" duration-ms="12" status="PASS">
          <reporter-output>
          </reporter-output>
        </test-method> <!-- init -->
        <test-method signature="clickCartIconnTest()[pri:3, instance:com.testscript.ProductsTest@279fedbd]" started-at="2026-02-01T17:19:18 IST" name="clickCartIconnTest" finished-at="2026-02-01T17:19:19 IST" duration-ms="802" status="PASS">
          <reporter-output>
          </reporter-output>
        </test-method> <!-- clickCartIconnTest -->
        <test-method is-config="true" signature="teardown()[pri:0, instance:com.testscript.ProductsTest@279fedbd]" started-at="2026-02-01T17:19:19 IST" name="teardown" finished-at="2026-02-01T17:19:19 IST" duration-ms="5" status="PASS">
          <reporter-output>
          </reporter-output>
        </test-method> <!-- teardown -->
      </class> <!-- com.testscript.ProductsTest -->
    </test> <!-- Default test -->
  </suite> <!-- Default suite -->
</testng-results>
