<?xml version="1.0" encoding="UTF-8"?>
<!-- Generated by org.testng.reporters.JUnitXMLReporter -->
<testsuite ignored="0" hostname="MSI" failures="0" tests="7" name="Default test" time="18.979" errors="0" timestamp="2026-03-31T12:28:49 IST">
  <testcase classname="Test.Checkouttest" name="validcheckoutForm" time="0.495"/>
  <testcase classname="Test.Checkouttest" name="addproductToCart" time="0.293"/>
  <testcase classname="Test.Checkouttest" name="cartIcon" time="0.275"/>
  <testcase classname="Test.Checkouttest" name="checkOutButton" time="0.349"/>
  <testcase classname="Test.Checkouttest" name="checkoutvalidfom" time="0.356"/>
  <testcase classname="Test.Checkouttest" name="finishbutton" time="0.368"/>
  <testcase classname="Test.Checkouttest" name="backbutton" time="0.413"/>
</testsuite> <!-- Default test -->
