<?xml version="1.0" encoding="UTF-8"?>
<!-- Generated by org.testng.reporters.JUnitXMLReporter -->
<testsuite ignored="0" hostname="MSI" failures="1" tests="5" name="Default test" time="46.42" errors="0" timestamp="2026-04-07T18:18:57 IST">
  <testcase classname="Testing.Sighnuptest" name="signup" time="3.899"/>
  <testcase classname="Testing.Sighnuptest" name="validdSignupTest" time="0.597"/>
  <testcase classname="Testing.Sighnuptest" name="navigatetoYopmain" time="4.777"/>
  <testcase classname="Testing.Sighnuptest" name="yopEmaillogin" time="2.659"/>
  <testcase classname="Testing.Sighnuptest" name="clickActivationLink" time="9.209">
    <failure type="com.microsoft.playwright.impl.TargetClosedError" message="Error {
  message=&amp;apos;Target page, context or browser has been closed
  name=&amp;apos;TargetClosedError
  stack=&amp;apos;TargetClosedError:Target page, context or browser has been closed
Error
    at captureRawStack (C:\Users\VINOTH~1\AppData\Local\Temp\playwright-java-11163862218348806007\package\lib\utils\stackTrace.js:50:17)
    at LongStandingScope._race (C:\Users\VINOTH~1\AppData\Local\Temp\playwright-java-11163862218348806007\package\lib\utils\manualPromise.js:91:52)
    at LongStandingScope.race (C:\Users\VINOTH~1\AppData\Local\Temp\playwright-java-11163862218348806007\package\lib\utils\manualPromise.js:84:17)
    at FrameDispatcher._handleCommand (C:\Users\VINOTH~1\AppData\Local\Temp\playwright-java-11163862218348806007\package\lib\server\dispatchers\dispatcher.js:96:36)
    at DispatcherConnection.dispatch (C:\Users\VINOTH~1\AppData\Local\Temp\playwright-java-11163862218348806007\package\lib\server\dispatchers\dispatcher.js:361:39)
    at runNextTicks (node:internal/process/task_queues:60:5)
    at process.processImmediate (node:internal/timers:449:9)
}
Call log:
- waiting for locator(&amp;quot;#idnName&amp;quot;) to be visible
">
      <![CDATA[com.microsoft.playwright.impl.TargetClosedError: Error {
  message='Target page, context or browser has been closed
  name='TargetClosedError
  stack='TargetClosedError:Target page, context or browser has been closed
Error
    at captureRawStack (C:\Users\VINOTH~1\AppData\Local\Temp\playwright-java-11163862218348806007\package\lib\utils\stackTrace.js:50:17)
    at LongStandingScope._race (C:\Users\VINOTH~1\AppData\Local\Temp\playwright-java-11163862218348806007\package\lib\utils\manualPromise.js:91:52)
    at LongStandingScope.race (C:\Users\VINOTH~1\AppData\Local\Temp\playwright-java-11163862218348806007\package\lib\utils\manualPromise.js:84:17)
    at FrameDispatcher._handleCommand (C:\Users\VINOTH~1\AppData\Local\Temp\playwright-java-11163862218348806007\package\lib\server\dispatchers\dispatcher.js:96:36)
    at DispatcherConnection.dispatch (C:\Users\VINOTH~1\AppData\Local\Temp\playwright-java-11163862218348806007\package\lib\server\dispatchers\dispatcher.js:361:39)
    at runNextTicks (node:internal/process/task_queues:60:5)
    at process.processImmediate (node:internal/timers:449:9)
}
Call log:
- waiting for locator("#idnName") to be visible

at com.microsoft.playwright.impl.WaitableResult.get(WaitableResult.java:54)
at com.microsoft.playwright.impl.ChannelOwner.runUntil(ChannelOwner.java:120)
at com.microsoft.playwright.impl.Connection.sendMessage(Connection.java:130)
at com.microsoft.playwright.impl.ChannelOwner.sendMessage(ChannelOwner.java:106)
at com.microsoft.playwright.impl.FrameImpl.waitForSelectorImpl(FrameImpl.java:1060)
at com.microsoft.playwright.impl.FrameImpl.waitForSelectorImpl(FrameImpl.java:1050)
at com.microsoft.playwright.impl.PageImpl.lambda$waitForSelector$93(PageImpl.java:1491)
at com.microsoft.playwright.impl.LoggingSupport.withLogging(LoggingSupport.java:47)
at com.microsoft.playwright.impl.ChannelOwner.withLogging(ChannelOwner.java:89)
at com.microsoft.playwright.impl.PageImpl.waitForSelector(PageImpl.java:1490)
at com.microsoft.playwright.Page.waitForSelector(Page.java:8095)
at PageLocaters.Yoplocaters.clickLink(Yoplocaters.java:60)
at Testing.Sighnuptest.clickActivationLink(Sighnuptest.java:126)
at java.base/jdk.internal.reflect.DirectMethodHandleAccessor.invoke(DirectMethodHandleAccessor.java:103)
at java.base/java.lang.reflect.Method.invoke(Method.java:580)
at org.testng.internal.invokers.MethodInvocationHelper.invokeMethod(MethodInvocationHelper.java:139)
at org.testng.internal.invokers.TestInvoker.invokeMethod(TestInvoker.java:664)
at org.testng.internal.invokers.TestInvoker.invokeTestMethod(TestInvoker.java:228)
at org.testng.internal.invokers.MethodRunner.runInSequence(MethodRunner.java:63)
at org.testng.internal.invokers.TestInvoker$MethodInvocationAgent.invoke(TestInvoker.java:961)
at org.testng.internal.invokers.TestInvoker.invokeTestMethods(TestInvoker.java:201)
at org.testng.internal.invokers.TestMethodWorker.invokeTestMethods(TestMethodWorker.java:148)
at org.testng.internal.invokers.TestMethodWorker.run(TestMethodWorker.java:128)
at java.base/java.util.ArrayList.forEach(ArrayList.java:1596)
at org.testng.TestRunner.privateRun(TestRunner.java:819)
at org.testng.TestRunner.run(TestRunner.java:619)
at org.testng.SuiteRunner.runTest(SuiteRunner.java:443)
at org.testng.SuiteRunner.runSequentially(SuiteRunner.java:437)
at org.testng.SuiteRunner.privateRun(SuiteRunner.java:397)
at org.testng.SuiteRunner.run(SuiteRunner.java:336)
at org.testng.SuiteRunnerWorker.runSuite(SuiteRunnerWorker.java:52)
at org.testng.SuiteRunnerWorker.run(SuiteRunnerWorker.java:95)
at org.testng.TestNG.runSuitesSequentially(TestNG.java:1301)
at org.testng.TestNG.runSuitesLocally(TestNG.java:1228)
at org.testng.TestNG.runSuites(TestNG.java:1134)
at org.testng.TestNG.run(TestNG.java:1101)
at org.testng.remote.AbstractRemoteTestNG.run(AbstractRemoteTestNG.java:115)
at org.testng.remote.RemoteTestNG.initAndRun(RemoteTestNG.java:293)
at org.testng.remote.RemoteTestNG.main(RemoteTestNG.java:91)
Caused by: com.microsoft.playwright.impl.TargetClosedError: Error {
  message='Target page, context or browser has been closed
  name='TargetClosedError
  stack='TargetClosedError:Target page, context or browser has been closed
Error
    at captureRawStack (C:\Users\VINOTH~1\AppData\Local\Temp\playwright-java-11163862218348806007\package\lib\utils\stackTrace.js:50:17)
    at LongStandingScope._race (C:\Users\VINOTH~1\AppData\Local\Temp\playwright-java-11163862218348806007\package\lib\utils\manualPromise.js:91:52)
    at LongStandingScope.race (C:\Users\VINOTH~1\AppData\Local\Temp\playwright-java-11163862218348806007\package\lib\utils\manualPromise.js:84:17)
    at FrameDispatcher._handleCommand (C:\Users\VINOTH~1\AppData\Local\Temp\playwright-java-11163862218348806007\package\lib\server\dispatchers\dispatcher.js:96:36)
    at DispatcherConnection.dispatch (C:\Users\VINOTH~1\AppData\Local\Temp\playwright-java-11163862218348806007\package\lib\server\dispatchers\dispatcher.js:361:39)
    at runNextTicks (node:internal/process/task_queues:60:5)
    at process.processImmediate (node:internal/timers:449:9)
}
Call log:
- waiting for locator("#idnName") to be visible

at com.microsoft.playwright.impl.Connection.dispatch(Connection.java:256)
at com.microsoft.playwright.impl.Connection.processOneMessage(Connection.java:211)
at com.microsoft.playwright.impl.ChannelOwner.runUntil(ChannelOwner.java:118)
... 37 more
]]>
    </failure>
  </testcase> <!-- clickActivationLink -->
</testsuite> <!-- Default test -->
