<?xml version="1.0" encoding="UTF-8"?>
<testng-results ignored="0" total="7" passed="7" failed="0" skipped="0">
  <reporter-output>
  </reporter-output>
  <suite started-at="2026-03-28T21:05:10 IST" name="Default suite" finished-at="2026-03-28T21:06:03 IST" duration-ms="52755">
    <groups>
    </groups>
    <test started-at="2026-03-28T21:05:10 IST" name="Default test" finished-at="2026-03-28T21:06:03 IST" duration-ms="52755">
      <class name="Test.Formtest">
        <test-method is-config="true" signature="setUp()[pri:0, instance:Test.Formtest@8f4ea7c]" started-at="2026-03-28T21:05:10 IST" name="setUp" finished-at="2026-03-28T21:05:32 IST" duration-ms="21595" status="PASS">
          <reporter-output>
          </reporter-output>
        </test-method> <!-- setUp -->
        <test-method signature="fillValidForm()[pri:1, instance:Test.Formtest@8f4ea7c]" started-at="2026-03-28T21:05:32 IST" name="fillValidForm" finished-at="2026-03-28T21:05:43 IST" duration-ms="11261" status="PASS">
          <reporter-output>
          </reporter-output>
        </test-method> <!-- fillValidForm -->
        <test-method signature="submitWithoutInput()[pri:2, instance:Test.Formtest@8f4ea7c]" started-at="2026-03-28T21:05:43 IST" name="submitWithoutInput" finished-at="2026-03-28T21:05:44 IST" duration-ms="1114" status="PASS">
          <reporter-output>
          </reporter-output>
        </test-method> <!-- submitWithoutInput -->
        <test-method signature="fillInvalidForm()[pri:3, instance:Test.Formtest@8f4ea7c]" started-at="2026-03-28T21:05:44 IST" name="fillInvalidForm" finished-at="2026-03-28T21:05:46 IST" duration-ms="2182" status="PASS">
          <reporter-output>
          </reporter-output>
        </test-method> <!-- fillInvalidForm -->
        <test-method signature="invalidmobile()[pri:4, instance:Test.Formtest@8f4ea7c]" started-at="2026-03-28T21:05:46 IST" name="invalidmobile" finished-at="2026-03-28T21:05:51 IST" duration-ms="4912" status="PASS">
          <reporter-output>
          </reporter-output>
        </test-method> <!-- invalidmobile -->
        <test-method signature="invalidDob()[pri:5, instance:Test.Formtest@8f4ea7c]" started-at="2026-03-28T21:05:51 IST" name="invalidDob" finished-at="2026-03-28T21:05:53 IST" duration-ms="2062" status="PASS">
          <reporter-output>
          </reporter-output>
        </test-method> <!-- invalidDob -->
        <test-method signature="invalidSubject()[pri:6, instance:Test.Formtest@8f4ea7c]" started-at="2026-03-28T21:05:53 IST" name="invalidSubject" finished-at="2026-03-28T21:05:58 IST" duration-ms="4385" status="PASS">
          <reporter-output>
          </reporter-output>
        </test-method> <!-- invalidSubject -->
        <test-method signature="invalidCity()[pri:7, instance:Test.Formtest@8f4ea7c]" started-at="2026-03-28T21:05:58 IST" name="invalidCity" finished-at="2026-03-28T21:06:02 IST" duration-ms="4219" status="PASS">
          <reporter-output>
          </reporter-output>
        </test-method> <!-- invalidCity -->
        <test-method is-config="true" signature="closeBrowser()[pri:0, instance:Test.Formtest@8f4ea7c]" started-at="2026-03-28T21:06:02 IST" name="closeBrowser" finished-at="2026-03-28T21:06:03 IST" duration-ms="942" status="PASS">
          <reporter-output>
          </reporter-output>
        </test-method> <!-- closeBrowser -->
      </class> <!-- Test.Formtest -->
    </test> <!-- Default test -->
  </suite> <!-- Default suite -->
</testng-results>
