<?xml version="1.0" encoding="UTF-8"?>
<!-- Generated by org.testng.reporters.JUnitReportReporter -->
<testsuite hostname="MSI" failures="0" tests="21" name="Test.Checkouttest" time="8.857" errors="0" timestamp="2026-03-31T13:33:29 IST" skipped="0">
  <testcase classname="Test.Checkouttest" name="validcheckoutForm" time="1.510"/>
  <testcase classname="Test.Checkouttest" name="validcheckoutForm" time="0.691"/>
  <testcase classname="Test.Checkouttest" name="validcheckoutForm" time="0.533"/>
  <testcase classname="Test.Checkouttest" name="addproductToCart" time="0.473"/>
  <testcase classname="Test.Checkouttest" name="addproductToCart" time="0.215"/>
  <testcase classname="Test.Checkouttest" name="addproductToCart" time="0.293"/>
  <testcase classname="Test.Checkouttest" name="cartIcon" time="0.162"/>
  <testcase classname="Test.Checkouttest" name="cartIcon" time="0.452"/>
  <testcase classname="Test.Checkouttest" name="cartIcon" time="0.327"/>
  <testcase classname="Test.Checkouttest" name="checkOutButton" time="0.303"/>
  <testcase classname="Test.Checkouttest" name="checkOutButton" time="0.229"/>
  <testcase classname="Test.Checkouttest" name="checkOutButton" time="0.393"/>
  <testcase classname="Test.Checkouttest" name="checkoutvalidfom" time="0.362"/>
  <testcase classname="Test.Checkouttest" name="checkoutvalidfom" time="0.294"/>
  <testcase classname="Test.Checkouttest" name="checkoutvalidfom" time="0.561"/>
  <testcase classname="Test.Checkouttest" name="finishbutton" time="0.228"/>
  <testcase classname="Test.Checkouttest" name="finishbutton" time="0.355"/>
  <testcase classname="Test.Checkouttest" name="finishbutton" time="0.165"/>
  <testcase classname="Test.Checkouttest" name="backbutton" time="0.589"/>
  <testcase classname="Test.Checkouttest" name="backbutton" time="0.434"/>
  <testcase classname="Test.Checkouttest" name="backbutton" time="0.288"/>
</testsuite> <!-- Test.Checkouttest -->
