<?xml version="1.0" encoding="UTF-8"?>
<!-- Generated by org.testng.reporters.JUnitReportReporter -->
<testsuite hostname="MSI" failures="0" tests="3" name="Test.ProductTest" time="1.846" errors="0" timestamp="2026-03-30T18:17:55 IST" skipped="0">
  <testcase classname="Test.ProductTest" name="addproducttocart" time="0.955"/>
  <testcase classname="Test.ProductTest" name="clickonCarticon" time="0.447"/>
  <testcase classname="Test.ProductTest" name="clickonCheckoutButton" time="0.444"/>
</testsuite> <!-- Test.ProductTest -->
