<?xml version="1.0" encoding="UTF-8"?>
<!-- Generated by org.testng.reporters.JUnitReportReporter -->
<testsuite hostname="MSI" failures="0" tests="5" name="Test.Logintest" time="2.658" errors="0" timestamp="2026-03-30T15:01:43 IST" skipped="0">
  <testcase classname="Test.Logintest" name="validLogin" time="0.574"/>
  <testcase classname="Test.Logintest" name="loggedout" time="1.325"/>
  <testcase classname="Test.Logintest" name="invalidLogin" time="0.251"/>
  <testcase classname="Test.Logintest" name="loginwithUsernameonly" time="0.212"/>
  <testcase classname="Test.Logintest" name="loginwithpasswordonly" time="0.296"/>
</testsuite> <!-- Test.Logintest -->
