<?xml version="1.0" encoding="UTF-8"?>
<!-- Generated by org.testng.reporters.JUnitXMLReporter -->
<testsuite ignored="0" hostname="MSI" failures="0" tests="7" name="Default test" time="52.755" errors="0" timestamp="2026-03-28T21:06:03 IST">
  <testcase classname="Test.Formtest" name="fillValidForm" time="11.261"/>
  <testcase classname="Test.Formtest" name="submitWithoutInput" time="1.114"/>
  <testcase classname="Test.Formtest" name="fillInvalidForm" time="2.182"/>
  <testcase classname="Test.Formtest" name="invalidmobile" time="4.912"/>
  <testcase classname="Test.Formtest" name="invalidDob" time="2.062"/>
  <testcase classname="Test.Formtest" name="invalidSubject" time="4.385"/>
  <testcase classname="Test.Formtest" name="invalidCity" time="4.219"/>
</testsuite> <!-- Default test -->
