<?xml version="1.0" encoding="UTF-8"?>
<!-- Generated by org.testng.reporters.JUnitXMLReporter -->
<testsuite ignored="0" hostname="MSI" failures="0" tests="7" name="ChromeTest" time="20.443" errors="0" timestamp="2026-03-31T13:33:27 IST">
  <testcase classname="Test.Checkouttest" name="validcheckoutForm" time="0.691"/>
  <testcase classname="Test.Checkouttest" name="addproductToCart" time="0.293"/>
  <testcase classname="Test.Checkouttest" name="cartIcon" time="0.327"/>
  <testcase classname="Test.Checkouttest" name="checkOutButton" time="0.303"/>
  <testcase classname="Test.Checkouttest" name="checkoutvalidfom" time="0.362"/>
  <testcase classname="Test.Checkouttest" name="finishbutton" time="0.228"/>
  <testcase classname="Test.Checkouttest" name="backbutton" time="0.434"/>
</testsuite> <!-- ChromeTest -->
