<?xml version="1.0" encoding="UTF-8"?>
<!-- Generated by org.testng.reporters.JUnitXMLReporter -->
<testsuite ignored="0" hostname="MSI" failures="0" tests="7" name="FirefoxTest" time="22.573" errors="0" timestamp="2026-03-31T13:33:29 IST">
  <testcase classname="Test.Checkouttest" name="validcheckoutForm" time="0.533"/>
  <testcase classname="Test.Checkouttest" name="addproductToCart" time="0.215"/>
  <testcase classname="Test.Checkouttest" name="cartIcon" time="0.162"/>
  <testcase classname="Test.Checkouttest" name="checkOutButton" time="0.229"/>
  <testcase classname="Test.Checkouttest" name="checkoutvalidfom" time="0.294"/>
  <testcase classname="Test.Checkouttest" name="finishbutton" time="0.165"/>
  <testcase classname="Test.Checkouttest" name="backbutton" time="0.288"/>
</testsuite> <!-- FirefoxTest -->
