<?xml version="1.0" encoding="UTF-8"?>
<!-- Generated by org.testng.reporters.JUnitXMLReporter -->
<testsuite ignored="0" hostname="MSI" failures="0" tests="7" name="WebkitTest" time="21.305" errors="0" timestamp="2026-03-31T13:33:27 IST">
  <testcase classname="Test.Checkouttest" name="validcheckoutForm" time="1.51"/>
  <testcase classname="Test.Checkouttest" name="addproductToCart" time="0.473"/>
  <testcase classname="Test.Checkouttest" name="cartIcon" time="0.452"/>
  <testcase classname="Test.Checkouttest" name="checkOutButton" time="0.393"/>
  <testcase classname="Test.Checkouttest" name="checkoutvalidfom" time="0.561"/>
  <testcase classname="Test.Checkouttest" name="finishbutton" time="0.355"/>
  <testcase classname="Test.Checkouttest" name="backbutton" time="0.589"/>
</testsuite> <!-- WebkitTest -->
