<?xml version="1.0" encoding="UTF-8"?>
<!-- Generated by org.testng.reporters.JUnitReportReporter -->
<testsuite hostname="MSI" failures="0" tests="5" name="Testing.Yoptest" time="46.297" errors="1" timestamp="2026-04-05T23:03:11 IST" skipped="4">
  <testcase classname="Testing.Yoptest" name="setup" time="46.297">
    <error message="Error {
  message=&#039;Timeout 30000ms exceeded.
  name=&#039;TimeoutError
  stack=&#039;TimeoutError: Timeout 30000ms exceeded.
    at ProgressController.run (C:\Users\VINOTH~1\AppData\Local\Temp\playwright-java-13083265775262091433\package\lib\server\progress.js:78:26)
    at Frame.goto (C:\Users\VINOTH~1\AppData\Local\Temp\playwright-java-13083265775262091433\package\lib\server\frames.js:517:23)
    at FrameDispatcher.goto (C:\Users\VINOTH~1\AppData\Local\Temp\playwright-java-13083265775262091433\package\lib\server\dispatchers\frameDispatcher.js:81:119)
    at FrameDispatcher._handleCommand (C:\Users\VINOTH~1\AppData\Local\Temp\playwright-java-13083265775262091433\package\lib\server\dispatchers\dispatcher.js:94:40)
    at DispatcherConnection.dispatch (C:\Users\VINOTH~1\AppData\Local\Temp\playwright-java-13083265775262091433\package\lib\server\dispatchers\dispatcher.js:361:39)
}
Call log:
- navigating to &quot;https://evisa.gov.sz/&quot;, waiting until &quot;load&quot;
" type="com.microsoft.playwright.TimeoutError">
      <![CDATA[com.microsoft.playwright.TimeoutError: Error {
  message='Timeout 30000ms exceeded.
  name='TimeoutError
  stack='TimeoutError: Timeout 30000ms exceeded.
    at ProgressController.run (C:\Users\VINOTH~1\AppData\Local\Temp\playwright-java-13083265775262091433\package\lib\server\progress.js:78:26)
    at Frame.goto (C:\Users\VINOTH~1\AppData\Local\Temp\playwright-java-13083265775262091433\package\lib\server\frames.js:517:23)
    at FrameDispatcher.goto (C:\Users\VINOTH~1\AppData\Local\Temp\playwright-java-13083265775262091433\package\lib\server\dispatchers\frameDispatcher.js:81:119)
    at FrameDispatcher._handleCommand (C:\Users\VINOTH~1\AppData\Local\Temp\playwright-java-13083265775262091433\package\lib\server\dispatchers\dispatcher.js:94:40)
    at DispatcherConnection.dispatch (C:\Users\VINOTH~1\AppData\Local\Temp\playwright-java-13083265775262091433\package\lib\server\dispatchers\dispatcher.js:361:39)
}
Call log:
- navigating to "https://evisa.gov.sz/", waiting until "load"

at com.microsoft.playwright.impl.WaitableResult.get(WaitableResult.java:52)
at com.microsoft.playwright.impl.ChannelOwner.runUntil(ChannelOwner.java:120)
at com.microsoft.playwright.impl.Connection.sendMessage(Connection.java:130)
at com.microsoft.playwright.impl.ChannelOwner.sendMessage(ChannelOwner.java:106)
at com.microsoft.playwright.impl.FrameImpl.navigateImpl(FrameImpl.java:463)
at com.microsoft.playwright.impl.PageImpl.lambda$navigate$46(PageImpl.java:870)
at com.microsoft.playwright.impl.LoggingSupport.withLogging(LoggingSupport.java:47)
at com.microsoft.playwright.impl.ChannelOwner.withLogging(ChannelOwner.java:89)
at com.microsoft.playwright.impl.PageImpl.navigate(PageImpl.java:870)
at com.microsoft.playwright.impl.PageImpl.navigate(PageImpl.java:42)
at com.microsoft.playwright.Page.navigate(Page.java:5490)
at BaseUrl.Visaurl.setup(Visaurl.java:38)
at java.base/jdk.internal.reflect.DirectMethodHandleAccessor.invoke(DirectMethodHandleAccessor.java:103)
at java.base/java.lang.reflect.Method.invoke(Method.java:580)
at org.testng.internal.invokers.MethodInvocationHelper.invokeMethod(MethodInvocationHelper.java:139)
at org.testng.internal.invokers.MethodInvocationHelper.invokeMethodConsideringTimeout(MethodInvocationHelper.java:69)
at org.testng.internal.invokers.ConfigInvoker.invokeConfigurationMethod(ConfigInvoker.java:393)
at org.testng.internal.invokers.ConfigInvoker.invokeConfigurations(ConfigInvoker.java:326)
at org.testng.internal.invokers.TestMethodWorker.invokeBeforeClassMethods(TestMethodWorker.java:180)
at org.testng.internal.invokers.TestMethodWorker.run(TestMethodWorker.java:122)
at java.base/java.util.ArrayList.forEach(ArrayList.java:1596)
at org.testng.TestRunner.privateRun(TestRunner.java:819)
at org.testng.TestRunner.run(TestRunner.java:619)
at org.testng.SuiteRunner.runTest(SuiteRunner.java:443)
at org.testng.SuiteRunner.runSequentially(SuiteRunner.java:437)
at org.testng.SuiteRunner.privateRun(SuiteRunner.java:397)
at org.testng.SuiteRunner.run(SuiteRunner.java:336)
at org.testng.SuiteRunnerWorker.runSuite(SuiteRunnerWorker.java:52)
at org.testng.SuiteRunnerWorker.run(SuiteRunnerWorker.java:95)
at org.testng.TestNG.runSuitesSequentially(TestNG.java:1301)
at org.testng.TestNG.runSuitesLocally(TestNG.java:1228)
at org.testng.TestNG.runSuites(TestNG.java:1134)
at org.testng.TestNG.run(TestNG.java:1101)
at org.testng.remote.AbstractRemoteTestNG.run(AbstractRemoteTestNG.java:115)
at org.testng.remote.RemoteTestNG.initAndRun(RemoteTestNG.java:293)
at org.testng.remote.RemoteTestNG.main(RemoteTestNG.java:91)
Caused by: com.microsoft.playwright.TimeoutError: Error {
  message='Timeout 30000ms exceeded.
  name='TimeoutError
  stack='TimeoutError: Timeout 30000ms exceeded.
    at ProgressController.run (C:\Users\VINOTH~1\AppData\Local\Temp\playwright-java-13083265775262091433\package\lib\server\progress.js:78:26)
    at Frame.goto (C:\Users\VINOTH~1\AppData\Local\Temp\playwright-java-13083265775262091433\package\lib\server\frames.js:517:23)
    at FrameDispatcher.goto (C:\Users\VINOTH~1\AppData\Local\Temp\playwright-java-13083265775262091433\package\lib\server\dispatchers\frameDispatcher.js:81:119)
    at FrameDispatcher._handleCommand (C:\Users\VINOTH~1\AppData\Local\Temp\playwright-java-13083265775262091433\package\lib\server\dispatchers\dispatcher.js:94:40)
    at DispatcherConnection.dispatch (C:\Users\VINOTH~1\AppData\Local\Temp\playwright-java-13083265775262091433\package\lib\server\dispatchers\dispatcher.js:361:39)
}
Call log:
- navigating to "https://evisa.gov.sz/", waiting until "load"

at com.microsoft.playwright.impl.Connection.dispatch(Connection.java:254)
at com.microsoft.playwright.impl.Connection.processOneMessage(Connection.java:211)
at com.microsoft.playwright.impl.ChannelOwner.runUntil(ChannelOwner.java:118)
... 34 more
]]>
    </error>
  </testcase> <!-- setup -->
  <testcase classname="Testing.Yoptest" name="signupWithvalidData" time="0.000">
    <skipped/>
  </testcase> <!-- signupWithvalidData -->
  <testcase classname="Testing.Yoptest" name="navigatetoYopmain" time="0.000">
    <skipped/>
  </testcase> <!-- navigatetoYopmain -->
  <testcase classname="Testing.Yoptest" name="yopEmaillogin" time="0.000">
    <skipped/>
  </testcase> <!-- yopEmaillogin -->
  <testcase classname="Testing.Yoptest" name="clickActivationLink" time="0.000">
    <skipped/>
  </testcase> <!-- clickActivationLink -->
</testsuite> <!-- Testing.Yoptest -->
